<?xml version="1.0" encoding="UTF-8"?>
<robot generator="Robot 7.2.2 (Python 3.11.4 on win32)" generated="2025-05-27T14:30:01.683395" rpa="false" schemaversion="5">
<suite id="s1" name="Verify test" source="C:\Users\pk0952\PycharmProjects\ANT_CRUD\tests\NTC_Management\Verify_test.robot">
<kw name="Login Once" owner="common" type="SETUP">
<kw name="Open Browser" owner="SeleniumLibrary">
<msg time="2025-05-27T14:30:02.300773" level="WARN">exexcutable_path is being deprecated. Please use service to configure the driver's executable_path as per documentation.</msg>
<msg time="2025-05-27T14:30:02.301778" level="INFO">Opening browser 'Chrome' to base url 'https://ant228.dev.att.com:8443'.</msg>
<arg>${URL}</arg>
<arg>Chrome</arg>
<arg>executable_path=${DRIVER_PATH}</arg>
<doc>Opens a new browser instance to the optional ``url``.</doc>
<status status="PASS" start="2025-05-27T14:30:02.300773" elapsed="21.303078"/>
</kw>
<kw name="Maximize Browser Window" owner="SeleniumLibrary">
<doc>Maximizes current browser window.</doc>
<status status="PASS" start="2025-05-27T14:30:23.603851" elapsed="0.854060"/>
</kw>
<kw name="Wait Until Element Is Visible" owner="SeleniumLibrary">
<arg>id=desktop_dropdown_button</arg>
<arg>10s</arg>
<doc>Waits until the element ``locator`` is visible.</doc>
<status status="PASS" start="2025-05-27T14:30:24.458911" elapsed="0.036001"/>
</kw>
<kw name="Click Element" owner="SeleniumLibrary">
<msg time="2025-05-27T14:30:24.495914" level="INFO">Clicking element 'id=desktop_dropdown_button'.</msg>
<arg>id=desktop_dropdown_button</arg>
<doc>Click the element identified by ``locator``.</doc>
<status status="PASS" start="2025-05-27T14:30:24.494912" elapsed="0.127003"/>
</kw>
<kw name="Wait Until Element Is Visible" owner="SeleniumLibrary">
<arg>id=WindowsAccountSelectId</arg>
<arg>5s</arg>
<doc>Waits until the element ``locator`` is visible.</doc>
<status status="PASS" start="2025-05-27T14:30:24.622910" elapsed="0.028001"/>
</kw>
<kw name="Click Element" owner="SeleniumLibrary">
<msg time="2025-05-27T14:30:24.650911" level="INFO">Clicking element 'id=WindowsAccountSelectId'.</msg>
<arg>id=WindowsAccountSelectId</arg>
<doc>Click the element identified by ``locator``.</doc>
<status status="PASS" start="2025-05-27T14:30:24.650911" elapsed="0.088003"/>
</kw>
<kw name="Wait Until Element Is Visible" owner="SeleniumLibrary">
<arg>id=windowsSubmit</arg>
<arg>5s</arg>
<doc>Waits until the element ``locator`` is visible.</doc>
<status status="PASS" start="2025-05-27T14:30:24.738914" elapsed="0.022994"/>
</kw>
<kw name="Click Element" owner="SeleniumLibrary">
<msg time="2025-05-27T14:30:24.761908" level="INFO">Clicking element 'id=windowsSubmit'.</msg>
<arg>id=windowsSubmit</arg>
<doc>Click the element identified by ``locator``.</doc>
<status status="PASS" start="2025-05-27T14:30:24.761908" elapsed="0.508082"/>
</kw>
<kw name="Wait Until Page Contains" owner="SeleniumLibrary">
<arg>${PRIORITY_TEXT}</arg>
<arg>60s</arg>
<doc>Waits until ``text`` appears on the current page.</doc>
<status status="PASS" start="2025-05-27T14:30:25.270997" elapsed="10.350225"/>
</kw>
<status status="PASS" start="2025-05-27T14:30:02.298773" elapsed="33.322449"/>
</kw>
<test id="s1-t1" name="Verify test" line="31">
<kw name="Open Network Inventory" owner="common">
<kw name="Click Element" owner="SeleniumLibrary">
<msg time="2025-05-27T14:30:35.623227" level="INFO">Clicking element 'xpath=//figure[.//div[normalize-space(.)="Network Inventory"]]'.</msg>
<arg>xpath=//figure[.//div[normalize-space(.)="Network Inventory"]]</arg>
<doc>Click the element identified by ``locator``.</doc>
<status status="PASS" start="2025-05-27T14:30:35.623227" elapsed="1.383831"/>
</kw>
<kw name="Wait Until Page Contains" owner="SeleniumLibrary">
<arg>Network Inventory</arg>
<arg>10s</arg>
<doc>Waits until ``text`` appears on the current page.</doc>
<status status="PASS" start="2025-05-27T14:30:37.007058" elapsed="0.094497"/>
</kw>
<status status="PASS" start="2025-05-27T14:30:35.622225" elapsed="1.480329"/>
</kw>
<kw name="Expand Network Function" owner="common">
<kw name="Click Element" owner="SeleniumLibrary">
<msg time="2025-05-27T14:30:37.103554" level="INFO">Clicking element 'xpath=//md-list-item[.//p[normalize-space(.)="NTC Management"]]//button[contains(@class,"md-secondary")]'.</msg>
<arg>xpath=//md-list-item[.//p[normalize-space(.)="${Network_Element}"]]//button[contains(@class,"md-secondary")]</arg>
<doc>Click the element identified by ``locator``.</doc>
<status status="PASS" start="2025-05-27T14:30:37.102554" elapsed="0.220145"/>
</kw>
<kw name="Wait Until Element Is Visible" owner="SeleniumLibrary">
<arg>xpath=//span[normalize-space(.)="${NTC_Management_Node}"]</arg>
<arg>10s</arg>
<doc>Waits until the element ``locator`` is visible.</doc>
<status status="PASS" start="2025-05-27T14:30:37.323699" elapsed="0.041999"/>
</kw>
<status status="PASS" start="2025-05-27T14:30:37.102554" elapsed="0.263144"/>
</kw>
<kw name="Expand AAA Group And Locate Test Group">
<kw name="Wait Until Element Is Visible" owner="SeleniumLibrary">
<arg>xpath=//span[normalize-space(.)="${NTC_Management_Node}"]</arg>
<arg>10s</arg>
<doc>Waits until the element ``locator`` is visible.</doc>
<status status="PASS" start="2025-05-27T14:30:37.366698" elapsed="0.023003"/>
</kw>
<kw name="Click Element" owner="SeleniumLibrary">
<msg time="2025-05-27T14:30:37.390699" level="INFO">Clicking element 'xpath=//span[normalize-space(.)="List Of NTC's"]'.</msg>
<arg>xpath=//span[normalize-space(.)="${NTC_Management_Node}"]</arg>
<doc>Click the element identified by ``locator``.</doc>
<status status="PASS" start="2025-05-27T14:30:37.389701" elapsed="0.090000"/>
</kw>
<kw name="Click Element" owner="SeleniumLibrary">
<msg time="2025-05-27T14:30:37.480695" level="INFO">Clicking element 'xpath=//p[normalize-space(.)="ALLNTX"]'.</msg>
<arg>xpath=//p[normalize-space(.)="${Cluster_name}"]</arg>
<doc>Click the element identified by ``locator``.</doc>
<status status="PASS" start="2025-05-27T14:30:37.479701" elapsed="0.122994"/>
</kw>
<kw name="Sleep" owner="BuiltIn">
<msg time="2025-05-27T14:30:42.604494" level="INFO">Slept 5 seconds.</msg>
<arg>5s</arg>
<doc>Pauses the test executed for the given time.</doc>
<status status="PASS" start="2025-05-27T14:30:37.603698" elapsed="5.000796"/>
</kw>
<status status="PASS" start="2025-05-27T14:30:37.366698" elapsed="5.237796"/>
</kw>
<kw name="Verify Cluster">
<kw name="Set Variable" owner="BuiltIn">
<msg time="2025-05-27T14:30:42.605494" level="INFO">${locator} = xpath=//li[.//p[normalize-space(.)='5EC']]/ul//li/p[normalize-space(.)='test32']</msg>
<var>${locator}</var>
<arg>xpath=//li[.//p[normalize-space(.)='${node}']]/ul//li/p[normalize-space(.)='${Test}']</arg>
<doc>Returns the given values which can then be assigned to a variables.</doc>
<status status="PASS" start="2025-05-27T14:30:42.605494" elapsed="0.000000"/>
</kw>
<kw name="Run Keyword And Return Status" owner="BuiltIn">
<kw name="Page Should Contain Element" owner="SeleniumLibrary">
<msg time="2025-05-27T14:30:42.620494" level="INFO">Current page contains element 'xpath=//li[.//p[normalize-space(.)='5EC']]/ul//li/p[normalize-space(.)='test32']'.</msg>
<arg>${locator}</arg>
<arg>5s</arg>
<doc>Verifies that element ``locator`` is found on the current page.</doc>
<status status="PASS" start="2025-05-27T14:30:42.606494" elapsed="0.014000"/>
</kw>
<msg time="2025-05-27T14:30:42.621496" level="INFO">${found} = True</msg>
<var>${found}</var>
<arg>Page Should Contain Element</arg>
<arg>${locator}</arg>
<arg>5s</arg>
<doc>Runs the given keyword with given arguments and returns the status as a Boolean value.</doc>
<status status="PASS" start="2025-05-27T14:30:42.606494" elapsed="0.015002"/>
</kw>
<kw name="Run Keyword If" owner="BuiltIn">
<kw name="Log To Console" owner="BuiltIn">
<arg>✅ Cluster “${Test}” found under “${node}”</arg>
<doc>Logs the given message to the console.</doc>
<status status="PASS" start="2025-05-27T14:30:42.621496" elapsed="0.001003"/>
</kw>
<arg>${found}</arg>
<arg>Log To Console</arg>
<arg>✅ Cluster “${Test}” found under “${node}”</arg>
<arg>ELSE</arg>
<arg>Fail</arg>
<arg>❌ Cluster “${Test}” **NOT** found under “${node}”</arg>
<doc>Runs the given keyword with the given arguments, if ``condition`` is true.</doc>
<status status="PASS" start="2025-05-27T14:30:42.621496" elapsed="0.001003"/>
</kw>
<arg>${node_name}</arg>
<arg>${Test_group}</arg>
<status status="PASS" start="2025-05-27T14:30:42.604494" elapsed="0.018005"/>
</kw>
<status status="PASS" start="2025-05-27T14:30:35.621222" elapsed="7.001277"/>
</test>
<kw name="Close Browser" owner="SeleniumLibrary" type="TEARDOWN">
<doc>Closes the current browser.</doc>
<status status="PASS" start="2025-05-27T14:30:42.624496" elapsed="2.964260"/>
</kw>
<status status="PASS" start="2025-05-27T14:30:01.686393" elapsed="43.902363"/>
</suite>
<statistics>
<total>
<stat pass="1" fail="0" skip="0">All Tests</stat>
</total>
<tag>
</tag>
<suite>
<stat name="Verify test" id="s1" pass="1" fail="0" skip="0">Verify test</stat>
</suite>
</statistics>
<errors>
<msg time="2025-05-27T14:30:02.290774" level="ERROR">Error in file 'C:\Users\pk0952\PycharmProjects\ANT_CRUD\Resources\NTC_Management\common.robot' on line 3: Importing library 'AutoItLibrary' failed: com_error: (-2147319779, 'Library not registered.', None, None)
Traceback (most recent call last):
  File "C:\Users\pk0952\AppData\Roaming\Python\Python311\site-packages\AutoItLibrary\__init__.py", line 46, in &lt;module&gt;
    win32com.client.gencache.EnsureModule("{F8937E53-D444-4E71-9275-35B64210CC3B}", 0, 1, 0)
  File "C:\Users\pk0952\AppData\Roaming\Python\Python311\site-packages\win32com\client\gencache.py", line 627, in EnsureModule
    module = MakeModuleForTypelib(
             ^^^^^^^^^^^^^^^^^^^^^
  File "C:\Users\pk0952\AppData\Roaming\Python\Python311\site-packages\win32com\client\gencache.py", line 343, in MakeModuleForTypelib
    makepy.GenerateFromTypeLibSpec(
  File "C:\Users\pk0952\AppData\Roaming\Python\Python311\site-packages\win32com\client\makepy.py", line 257, in GenerateFromTypeLibSpec
    tlb = pythoncom.LoadRegTypeLib(typelibCLSID, major, minor, lcid)
          ^^^^^^^^^^^^^^^^^^^^^^^^^^^^^^^^^^^^^^^^^^^^^^^^^^^^^^^^^^
PYTHONPATH:
  C:\Users\pk0952\AppData\Roaming\Python\Python311\Scripts\robot.exe
  C:\Program Files\Python311\python311.zip
  C:\Program Files\Python311\DLLs
  C:\Program Files\Python311\Lib
  C:\Program Files\Python311
  C:\Users\pk0952\AppData\Roaming\Python\Python311\site-packages
  C:\Users\pk0952\AppData\Roaming\Python\Python311\site-packages\win32
  C:\Users\pk0952\AppData\Roaming\Python\Python311\site-packages\win32\lib
  C:\Users\pk0952\AppData\Roaming\Python\Python311\site-packages\Pythonwin
  C:\Program Files\Python311\Lib\site-packages</msg>
<msg time="2025-05-27T14:30:02.300773" level="WARN">exexcutable_path is being deprecated. Please use service to configure the driver's executable_path as per documentation.</msg>
</errors>
</robot>
